0 info it worked if it ends with ok
1 verbose cli [ 'node', '/usr/local/bin/npm', 'install', 'body-sparser' ]
2 info using npm@1.4.28
3 info using node@v0.10.36
4 verbose cache add [ 'body-sparser', null ]
5 verbose cache add name=undefined spec="body-sparser" args=["body-sparser",null]
6 verbose parsed url { protocol: null,
6 verbose parsed url   slashes: null,
6 verbose parsed url   auth: null,
6 verbose parsed url   host: null,
6 verbose parsed url   port: null,
6 verbose parsed url   hostname: null,
6 verbose parsed url   hash: null,
6 verbose parsed url   search: null,
6 verbose parsed url   query: null,
6 verbose parsed url   pathname: 'body-sparser',
6 verbose parsed url   path: 'body-sparser',
6 verbose parsed url   href: 'body-sparser' }
7 silly lockFile 8d3b7c73-body-sparser body-sparser
8 verbose lock body-sparser /Volumes/Data/davidknowles/.npm/8d3b7c73-body-sparser.lock
9 silly lockFile 8d3b7c73-body-sparser body-sparser
10 silly lockFile 8d3b7c73-body-sparser body-sparser
11 verbose addNamed [ 'body-sparser', '' ]
12 verbose addNamed [ null, '*' ]
13 silly lockFile a67c14a1-body-sparser body-sparser@
14 verbose lock body-sparser@ /Volumes/Data/davidknowles/.npm/a67c14a1-body-sparser.lock
15 silly addNameRange { name: 'body-sparser', range: '*', hasData: false }
16 verbose request where is /body-sparser
17 verbose request registry https://registry.npmjs.org/
18 verbose request id 222a17e9e13c13e9
19 verbose url raw /body-sparser
20 verbose url resolving [ 'https://registry.npmjs.org/', './body-sparser' ]
21 verbose url resolved https://registry.npmjs.org/body-sparser
22 verbose request where is https://registry.npmjs.org/body-sparser
23 info trying registry request attempt 1 at 20:24:48
24 http GET https://registry.npmjs.org/body-sparser
25 http 404 https://registry.npmjs.org/body-sparser
26 verbose headers { date: 'Mon, 13 Apr 2015 18:24:49 GMT',
26 verbose headers   server: 'CouchDB/1.5.0 (Erlang OTP/R16B03)',
26 verbose headers   'content-type': 'application/json',
26 verbose headers   'cache-control': 'max-age=0',
26 verbose headers   'content-length': '51',
26 verbose headers   'accept-ranges': 'bytes',
26 verbose headers   via: '1.1 varnish',
26 verbose headers   age: '0',
26 verbose headers   'x-served-by': 'cache-fra1246-FRA',
26 verbose headers   'x-cache': 'MISS',
26 verbose headers   'x-cache-hits': '0',
26 verbose headers   'x-timer': 'S1428949488.326671,VS0,VE721',
26 verbose headers   'keep-alive': 'timeout=10, max=50',
26 verbose headers   connection: 'Keep-Alive' }
27 silly registry.get cb [ 404,
27 silly registry.get   { date: 'Mon, 13 Apr 2015 18:24:49 GMT',
27 silly registry.get     server: 'CouchDB/1.5.0 (Erlang OTP/R16B03)',
27 silly registry.get     'content-type': 'application/json',
27 silly registry.get     'cache-control': 'max-age=0',
27 silly registry.get     'content-length': '51',
27 silly registry.get     'accept-ranges': 'bytes',
27 silly registry.get     via: '1.1 varnish',
27 silly registry.get     age: '0',
27 silly registry.get     'x-served-by': 'cache-fra1246-FRA',
27 silly registry.get     'x-cache': 'MISS',
27 silly registry.get     'x-cache-hits': '0',
27 silly registry.get     'x-timer': 'S1428949488.326671,VS0,VE721',
27 silly registry.get     'keep-alive': 'timeout=10, max=50',
27 silly registry.get     connection: 'Keep-Alive' } ]
28 silly lockFile a67c14a1-body-sparser body-sparser@
29 silly lockFile a67c14a1-body-sparser body-sparser@
30 error 404 404 Not Found: body-sparser
30 error 404
30 error 404 'body-sparser' is not in the npm registry.
30 error 404 You should bug the author to publish it
30 error 404
30 error 404 Note that you can also install from a
30 error 404 tarball, folder, or http url, or git url.
31 error System Darwin 14.3.0
32 error command "node" "/usr/local/bin/npm" "install" "body-sparser"
33 error cwd /Volumes/Data/davidknowles/Dropbox/• Front-end/Tutorials/tuts/Building a Web App From Scratch With AngularJS/contacts
34 error node -v v0.10.36
35 error npm -v 1.4.28
36 error code E404
37 verbose exit [ 1, true ]
